[debug] [2020-04-17T09:45:48.465Z] ----------------------------------------------------------------------
[debug] [2020-04-17T09:45:48.466Z] Command:       /usr/local/bin/firebase /Users/ruonanjia/.cache/firebase/tools/lib/node_modules/firebase-tools/lib/bin/firebase deploy
[debug] [2020-04-17T09:45:48.467Z] CLI Version:   7.12.1
[debug] [2020-04-17T09:45:48.467Z] Platform:      darwin
[debug] [2020-04-17T09:45:48.467Z] Node Version:  v12.13.1
[debug] [2020-04-17T09:45:48.467Z] Time:          Fri Apr 17 2020 02:45:48 GMT-0700 (Pacific Daylight Time)
[debug] [2020-04-17T09:45:48.467Z] ----------------------------------------------------------------------
[debug] [2020-04-17T09:45:48.467Z] 
[debug] [2020-04-17T09:45:48.473Z] > command requires scopes: ["email","openid","https://www.googleapis.com/auth/cloudplatformprojects.readonly","https://www.googleapis.com/auth/firebase","https://www.googleapis.com/auth/cloud-platform"]
[debug] [2020-04-17T09:45:48.473Z] > authorizing via signed-in user
[debug] [2020-04-17T09:45:48.473Z] [iam] checking project covid-hack-c6549 for permissions ["cloudfunctions.functions.create","cloudfunctions.functions.delete","cloudfunctions.functions.get","cloudfunctions.functions.list","cloudfunctions.functions.update","cloudfunctions.operations.get","firebase.projects.get","firebasehosting.sites.update"]
[debug] [2020-04-17T09:45:48.474Z] >>> HTTP REQUEST POST https://cloudresourcemanager.googleapis.com/v1/projects/covid-hack-c6549:testIamPermissions  

[debug] [2020-04-17T09:45:48.692Z] <<< HTTP RESPONSE 200
[debug] [2020-04-17T09:45:48.695Z] >>> HTTP REQUEST GET https://firebase.googleapis.com/v1beta1/projects/covid-hack-c6549  
 
[debug] [2020-04-17T09:45:48.884Z] <<< HTTP RESPONSE 200
[info] 
[info] === Deploying to 'covid-hack-c6549'...
[info] 
[info] i  deploying functions, hosting
[info] Running command: npm --prefix "$RESOURCE_DIR" run lint
[info] ✔  functions: Finished running predeploy script.
[debug] [2020-04-17T09:45:51.162Z] > [functions] package.json contents: {
  "name": "functions",
  "description": "Cloud Functions for Firebase",
  "scripts": {
    "lint": "eslint .",
    "serve": "firebase emulators:start --only functions",
    "shell": "firebase functions:shell",
    "start": "npm run shell",
    "deploy": "firebase deploy --only functions",
    "logs": "firebase functions:log"
  },
  "engines": {
    "node": "8"
  },
  "dependencies": {
    "@types/busboy": "^0.2.3",
    "body-parser": "^1.19.0",
    "busboy": "^0.3.1",
    "express": "^4.17.1",
    "firebase": "^7.14.0",
    "firebase-admin": "^8.9.0",
    "firebase-functions": "^3.3.0",
    "http-errors": "^1.7.3",
    "method-override": "^3.0.0",
    "morgan": "^1.10.0",
    "node-geocoder": "^3.27.0",
    "uuid": "^7.0.3"
  },
  "devDependencies": {
    "eslint": "^5.12.0",
    "eslint-plugin-promise": "^4.0.1",
    "firebase-functions-test": "^0.1.6"
  },
  "private": true
}
[info] i  functions: ensuring necessary APIs are enabled...
[debug] [2020-04-17T09:45:51.163Z] >>> HTTP REQUEST GET https://serviceusage.googleapis.com/v1/projects/covid-hack-c6549/services/cloudfunctions.googleapis.com  
 
[debug] [2020-04-17T09:45:51.163Z] >>> HTTP REQUEST GET https://serviceusage.googleapis.com/v1/projects/covid-hack-c6549/services/runtimeconfig.googleapis.com  
 
[debug] [2020-04-17T09:45:51.698Z] <<< HTTP RESPONSE 200
[info] ✔  functions: all necessary APIs are enabled
[debug] [2020-04-17T09:45:51.710Z] <<< HTTP RESPONSE 200
[debug] [2020-04-17T09:45:51.711Z] >>> HTTP REQUEST GET https://firebase.googleapis.com/v1beta1/projects/covid-hack-c6549/adminSdkConfig  
 
[debug] [2020-04-17T09:45:51.868Z] <<< HTTP RESPONSE 200
[debug] [2020-04-17T09:45:51.870Z] >>> HTTP REQUEST POST https://firebasehosting.googleapis.com/v1beta1/sites/covid-hack-c6549/versions  

[debug] [2020-04-17T09:45:52.716Z] <<< HTTP RESPONSE 200
[info] i  functions: preparing functions directory for uploading...
[debug] [2020-04-17T09:45:52.719Z] >>> HTTP REQUEST GET https://runtimeconfig.googleapis.com/v1beta1/projects/covid-hack-c6549/configs  
 
[debug] [2020-04-17T09:45:53.201Z] <<< HTTP RESPONSE 200
[info] i  functions: packaged functions (62.03 KB) for uploading
[debug] [2020-04-17T09:45:53.804Z] >>> HTTP REQUEST POST https://cloudfunctions.googleapis.com/v1/projects/covid-hack-c6549/locations/us-central1/functions:generateUploadUrl  
 
[debug] [2020-04-17T09:45:54.731Z] <<< HTTP RESPONSE 200
[debug] [2020-04-17T09:45:54.732Z] >>> HTTP REQUEST PUT https://storage.googleapis.com/gcf-upload-us-central1-511f5404-1772-4c3e-b7fe-3ef1a13a7a0f/972252cf-4c18-4c5e-b688-b2e3e5b44c3a.zip?GoogleAccessId=service-976843410076@gcf-admin-robot.iam.gserviceaccount.com&Expires=1587118554&Signature=d2i4zwz63rj8vgMrHfYMIF6uuXYJjN%2FwiLYbh4PuuAn%2Fie6E1b4tGCY20O1jPi%2FwcNi7H2fzXmUWLsvORGUaIfDzNQuVBEdtLcD1CeOzLIECoQ00fhZDi3FTXV%2F1zXTCTipfW2SWgfDU%2B5EKrTIV7TtKO06zjr8EgsbLfRIYksvD3xTkR%2FXg1CJGakm0i1eQsKRGQMMPshcE4J190OuTinsi73deYpUito6GQv5MPyxJ%2F0BnVka14Z0hsYcQNG%2Fx%2F1b1cIi%2BynpSyfkvWnEgGYQHgu%2BOnaf7c2gSa%2B8uvTATrmFZZUE9UYTOBCqIlpyUMYoDhE1JEsUMEbKthyjykw%3D%3D  
 <request body omitted>
[debug] [2020-04-17T09:45:55.036Z] <<< HTTP RESPONSE 200
[info] ✔  functions: functions folder uploaded successfully
[info] i  hosting[covid-hack-c6549]: beginning deploy...
[info] i  hosting[covid-hack-c6549]: found 26 files in build
[debug] [2020-04-17T09:45:55.313Z] [hosting] hash cache [YnVpbGQ] stored for 26 files
[debug] [2020-04-17T09:45:55.313Z] [hosting][hash queue][FINAL]
[debug] [2020-04-17T09:45:55.313Z] >>> HTTP REQUEST POST https://firebasehosting.googleapis.com/v1beta1/sites/covid-hack-c6549/versions/6e002be3f45b0f0f:populateFiles  
 <request body omitted>
[debug] [2020-04-17T09:45:55.975Z] <<< HTTP RESPONSE 200
[debug] [2020-04-17T09:45:55.980Z] [hosting][populate queue][FINAL]
[debug] [2020-04-17T09:45:55.980Z] [hosting] uploads queued: 8
